<?xml version="1.0" encoding="UTF-8"?>
<testsuite xmlns:xsi="http://www.w3.org/2001/XMLSchema-instance" xsi:noNamespaceSchemaLocation="https://maven.apache.org/surefire/maven-surefire-plugin/xsd/surefire-test-report.xsd" name="com.fly.hsbchomework.resilience.ResilienceTest" time="11.731" tests="4" errors="0" skipped="0" failures="0">
  <properties>
[...]
</properties>
  <testcase name="testCacheUnavailable" classname="com.fly.hsbchomework.resilience.ResilienceTest" time="0.436"/>
  <testcase name="testDependencyServiceUnavailable" classname="com.fly.hsbchomework.resilience.ResilienceTest" time="0.346"/>
  <testcase name="testHighConcurrency" classname="com.fly.hsbchomework.resilience.ResilienceTest" time="10.876"/>
  <testcase name="testDatabaseConnectionFailure" classname="com.fly.hsbchomework.resilience.ResilienceTest" time="0.028"/>
</testsuite>